-------------------------------------------------------------------------------
Test set: com.banking.bankservice.BankServiceApplicationTests
-------------------------------------------------------------------------------
Tests run: 1, Failures: 0, Errors: 1, Skipped: 0, Time elapsed: 1.494 s <<< FAILURE! - in com.banking.bankservice.BankServiceApplicationTests
contextLoads(com.banking.bankservice.BankServiceApplicationTests)  Time elapsed: 0.002 s  <<< ERROR!
java.lang.IllegalStateException: Failed to load ApplicationContext
Caused by: org.springframework.beans.factory.BeanDefinitionStoreException: Failed to parse configuration class [com.banking.bankservice.BankServiceApplication]; nested exception is java.io.FileNotFoundException: Could not open ServletContext resource [/persistence.properties]
Caused by: java.io.FileNotFoundException: Could not open ServletContext resource [/persistence.properties]

